2024-08-30 17:12:46 [info] База данных подключена
2024-08-30 17:12:52 [info] Запрос - GET /api/family/id/1 - 2024-08-30T07:12:52.409Z
2024-08-30 17:12:52 [info] Проверка токена прошла успешно - GET /api/family/id/1
2024-08-30 17:12:52 [info] Запрос на получение семьи по ID 1 - GET /api/family/id/1
2024-08-30 17:12:52 [info] Запрос на получение семьи по ID 1 из сервиса
2024-08-30 17:12:52 [info] Ответ - 304 Not Modified - 2024-08-30T07:12:52.417Z
2024-08-30 17:13:02 [info] Запрос - POST /api/guests/ - 2024-08-30T07:13:02.802Z
2024-08-30 17:13:02 [info] Проверка токена прошла успешно - POST /api/guests/
2024-08-30 17:13:02 [info] Запрос на добавление гостя - POST /api/guests/
2024-08-30 17:13:02 [info] Запрос на получение гостя по имени asdfgadfgbxcverrggf из сервиса
2024-08-30 17:13:02 [info] Запрос на добавление нового гостя из сервиса
2024-08-30 17:13:02 [info] Ответ - 201 Created - 2024-08-30T07:13:02.815Z
2024-08-30 17:32:13 [info] Запрос - GET /api/family/id/1 - 2024-08-30T07:32:13.418Z
2024-08-30 17:32:13 [info] Проверка токена прошла успешно - GET /api/family/id/1
2024-08-30 17:32:13 [info] Запрос на получение семьи по ID 1 - GET /api/family/id/1
2024-08-30 17:32:13 [info] Запрос на получение семьи по ID 1 из сервиса
2024-08-30 17:32:13 [info] Ответ - 304 Not Modified - 2024-08-30T07:32:13.425Z
2024-08-30 17:49:32 [info] Запрос - GET /api/family/id/1 - 2024-08-30T07:49:32.081Z
2024-08-30 17:49:32 [info] Проверка токена прошла успешно - GET /api/family/id/1
2024-08-30 17:49:32 [info] Запрос на получение семьи по ID 1 - GET /api/family/id/1
2024-08-30 17:49:32 [info] Запрос на получение семьи по ID 1 из сервиса
2024-08-30 17:49:32 [info] Ответ - 304 Not Modified - 2024-08-30T07:49:32.087Z
2024-08-30 17:53:08 [info] Запрос - GET /api/family/id/1 - 2024-08-30T07:53:08.148Z
2024-08-30 17:53:08 [info] Проверка токена прошла успешно - GET /api/family/id/1
2024-08-30 17:53:08 [info] Запрос на получение семьи по ID 1 - GET /api/family/id/1
2024-08-30 17:53:08 [info] Запрос на получение семьи по ID 1 из сервиса
2024-08-30 17:53:08 [info] Ответ - 304 Not Modified - 2024-08-30T07:53:08.154Z
2024-08-30 17:53:20 [info] Запрос - GET /api/family/id/1 - 2024-08-30T07:53:20.928Z
2024-08-30 17:53:20 [info] Проверка токена прошла успешно - GET /api/family/id/1
2024-08-30 17:53:20 [info] Запрос на получение семьи по ID 1 - GET /api/family/id/1
2024-08-30 17:53:20 [info] Запрос на получение семьи по ID 1 из сервиса
2024-08-30 17:53:20 [info] Ответ - 304 Not Modified - 2024-08-30T07:53:20.933Z
2024-08-30 17:53:20 [info] Запрос - GET /api/family/id/NaN - 2024-08-30T07:53:20.952Z
2024-08-30 17:53:20 [info] Проверка токена прошла успешно - GET /api/family/id/NaN
2024-08-30 17:53:20 [info] Запрос на получение семьи по ID NaN - GET /api/family/id/NaN
2024-08-30 17:53:20 [info] Запрос на получение семьи по ID NaN из сервиса
2024-08-30 17:53:20 [error] Ошибка при выборе семьи с ID NaN из сервиса: Unknown column 'NaN' in 'where clause'
2024-08-30 17:53:20 [error] Ошибка при выборе семьи с ID NaN: Ошибка при выборе семьи с ID NaN
2024-08-30 17:53:20 [info] Ответ - 500 Internal Server Error - 2024-08-30T07:53:20.957Z
2024-08-30 17:53:25 [info] Запрос - GET /api/family/id/1 - 2024-08-30T07:53:25.410Z
2024-08-30 17:53:25 [info] Проверка токена прошла успешно - GET /api/family/id/1
2024-08-30 17:53:25 [info] Запрос на получение семьи по ID 1 - GET /api/family/id/1
2024-08-30 17:53:25 [info] Запрос на получение семьи по ID 1 из сервиса
2024-08-30 17:53:25 [info] Ответ - 304 Not Modified - 2024-08-30T07:53:25.413Z
2024-08-30 17:57:07 [info] Запрос - GET /api/family/id/1 - 2024-08-30T07:57:07.572Z
2024-08-30 17:57:07 [info] Проверка токена прошла успешно - GET /api/family/id/1
2024-08-30 17:57:07 [info] Запрос на получение семьи по ID 1 - GET /api/family/id/1
2024-08-30 17:57:07 [info] Запрос на получение семьи по ID 1 из сервиса
2024-08-30 17:57:07 [info] Ответ - 304 Not Modified - 2024-08-30T07:57:07.577Z
2024-08-30 18:01:14 [info] Запрос - GET /api/family/id/1 - 2024-08-30T08:01:14.129Z
2024-08-30 18:01:14 [info] Проверка токена прошла успешно - GET /api/family/id/1
2024-08-30 18:01:14 [info] Запрос на получение семьи по ID 1 - GET /api/family/id/1
2024-08-30 18:01:14 [info] Запрос на получение семьи по ID 1 из сервиса
2024-08-30 18:01:14 [info] Ответ - 304 Not Modified - 2024-08-30T08:01:14.134Z
2024-08-30 18:01:31 [info] Запрос - POST /api/guests/ - 2024-08-30T08:01:31.626Z
2024-08-30 18:01:31 [info] Проверка токена прошла успешно - POST /api/guests/
2024-08-30 18:01:31 [info] Запрос на добавление гостя - POST /api/guests/
2024-08-30 18:01:31 [info] Запрос на получение гостя по имени hello kiti из сервиса
2024-08-30 18:01:31 [info] Запрос на добавление нового гостя из сервиса
2024-08-30 18:01:31 [info] Ответ - 201 Created - 2024-08-30T08:01:31.638Z
2024-08-30 18:08:32 [info] Запрос - GET /api/family/id/1 - 2024-08-30T08:08:32.300Z
2024-08-30 18:08:32 [info] Проверка токена прошла успешно - GET /api/family/id/1
2024-08-30 18:08:32 [info] Запрос на получение семьи по ID 1 - GET /api/family/id/1
2024-08-30 18:08:32 [info] Запрос на получение семьи по ID 1 из сервиса
2024-08-30 18:08:32 [info] Ответ - 304 Not Modified - 2024-08-30T08:08:32.307Z
2024-08-30 18:08:41 [info] Запрос - POST /api/guests/ - 2024-08-30T08:08:41.630Z
2024-08-30 18:08:41 [info] Проверка токена прошла успешно - POST /api/guests/
2024-08-30 18:08:41 [info] Запрос на добавление гостя - POST /api/guests/
2024-08-30 18:08:41 [info] Запрос на получение гостя по имени xcvadfgadfg из сервиса
2024-08-30 18:08:41 [info] Запрос на добавление нового гостя из сервиса
2024-08-30 18:08:41 [info] Ответ - 201 Created - 2024-08-30T08:08:41.636Z
2024-08-30 18:12:03 [info] Запрос - GET /api/family/id/1 - 2024-08-30T08:12:03.903Z
2024-08-30 18:12:03 [info] Проверка токена прошла успешно - GET /api/family/id/1
2024-08-30 18:12:03 [info] Запрос на получение семьи по ID 1 - GET /api/family/id/1
2024-08-30 18:12:03 [info] Запрос на получение семьи по ID 1 из сервиса
2024-08-30 18:12:03 [info] Ответ - 304 Not Modified - 2024-08-30T08:12:03.915Z
2024-08-30 18:12:09 [info] Запрос - GET /api/family/id/1 - 2024-08-30T08:12:09.876Z
2024-08-30 18:12:09 [info] Проверка токена прошла успешно - GET /api/family/id/1
2024-08-30 18:12:09 [info] Запрос на получение семьи по ID 1 - GET /api/family/id/1
2024-08-30 18:12:09 [info] Запрос на получение семьи по ID 1 из сервиса
2024-08-30 18:12:09 [info] Ответ - 304 Not Modified - 2024-08-30T08:12:09.879Z
2024-08-30 18:12:17 [info] Запрос - POST /api/guests/ - 2024-08-30T08:12:17.218Z
2024-08-30 18:12:17 [info] Проверка токена прошла успешно - POST /api/guests/
2024-08-30 18:12:17 [info] Запрос на добавление гостя - POST /api/guests/
2024-08-30 18:12:17 [info] Запрос на получение гостя по имени dfvxcvwerqwwe из сервиса
2024-08-30 18:12:17 [info] Запрос на добавление нового гостя из сервиса
2024-08-30 18:12:17 [info] Ответ - 201 Created - 2024-08-30T08:12:17.228Z
2024-08-30 18:14:54 [info] Запрос - GET /api/family/id/1 - 2024-08-30T08:14:54.865Z
2024-08-30 18:14:54 [info] Проверка токена прошла успешно - GET /api/family/id/1
2024-08-30 18:14:54 [info] Запрос на получение семьи по ID 1 - GET /api/family/id/1
2024-08-30 18:14:54 [info] Запрос на получение семьи по ID 1 из сервиса
2024-08-30 18:14:54 [info] Ответ - 304 Not Modified - 2024-08-30T08:14:54.870Z
2024-08-30 18:15:02 [info] Запрос - POST /api/guests/ - 2024-08-30T08:15:02.399Z
2024-08-30 18:15:02 [info] Проверка токена прошла успешно - POST /api/guests/
2024-08-30 18:15:02 [info] Запрос на добавление гостя - POST /api/guests/
2024-08-30 18:15:02 [info] Запрос на получение гостя по имени asdgfasdcvwe из сервиса
2024-08-30 18:15:02 [info] Запрос на добавление нового гостя из сервиса
2024-08-30 18:15:02 [info] Ответ - 201 Created - 2024-08-30T08:15:02.404Z
2024-08-30 18:19:15 [info] Запрос - DELETE /api/guests/id_guest/1 - 2024-08-30T08:19:15.241Z
2024-08-30 18:19:15 [info] Проверка токена прошла успешно - DELETE /api/guests/id_guest/1
2024-08-30 18:19:15 [info] Запрос на удаление гостя по ID гостя 1 - DELETE /api/guests/id_guest/1
2024-08-30 18:19:15 [info] Запрос на удаление гостя по ID гостя 1 из сервиса
2024-08-30 18:19:15 [info] Ответ - 200 OK - 2024-08-30T08:19:15.411Z
2024-08-30 18:19:40 [info] База данных подключена
2024-08-30 18:22:55 [info] Запрос - POST /api/guests/ - 2024-08-30T08:22:55.937Z
2024-08-30 18:22:55 [info] Проверка токена прошла успешно - POST /api/guests/
2024-08-30 18:22:55 [info] Запрос на добавление гостя - POST /api/guests/
2024-08-30 18:22:55 [info] Запрос на получение гостя по имени asdfsdf из сервиса
2024-08-30 18:22:55 [info] Запрос на добавление нового гостя из сервиса
2024-08-30 18:22:55 [info] Ответ - 201 Created - 2024-08-30T08:22:55.953Z
2024-08-30 18:25:47 [info] Запрос - GET /api/family/id/1 - 2024-08-30T08:25:47.962Z
2024-08-30 18:25:47 [info] Проверка токена прошла успешно - GET /api/family/id/1
2024-08-30 18:25:47 [info] Запрос на получение семьи по ID 1 - GET /api/family/id/1
2024-08-30 18:25:47 [info] Запрос на получение семьи по ID 1 из сервиса
2024-08-30 18:25:47 [info] Ответ - 304 Not Modified - 2024-08-30T08:25:47.968Z
2024-08-30 18:26:22 [info] Запрос - GET /api/family/id/1 - 2024-08-30T08:26:22.144Z
2024-08-30 18:26:22 [info] Проверка токена прошла успешно - GET /api/family/id/1
2024-08-30 18:26:22 [info] Запрос на получение семьи по ID 1 - GET /api/family/id/1
2024-08-30 18:26:22 [info] Запрос на получение семьи по ID 1 из сервиса
2024-08-30 18:26:22 [info] Ответ - 304 Not Modified - 2024-08-30T08:26:22.149Z
2024-08-30 18:26:33 [info] Запрос - GET /api/family/id/1 - 2024-08-30T08:26:33.072Z
2024-08-30 18:26:33 [info] Проверка токена прошла успешно - GET /api/family/id/1
2024-08-30 18:26:33 [info] Запрос на получение семьи по ID 1 - GET /api/family/id/1
2024-08-30 18:26:33 [info] Запрос на получение семьи по ID 1 из сервиса
2024-08-30 18:26:33 [info] Ответ - 304 Not Modified - 2024-08-30T08:26:33.079Z
2024-08-30 18:26:41 [info] Запрос - GET /api/family/id/1 - 2024-08-30T08:26:41.079Z
2024-08-30 18:26:41 [info] Проверка токена прошла успешно - GET /api/family/id/1
2024-08-30 18:26:41 [info] Запрос на получение семьи по ID 1 - GET /api/family/id/1
2024-08-30 18:26:41 [info] Запрос на получение семьи по ID 1 из сервиса
2024-08-30 18:26:41 [info] Ответ - 304 Not Modified - 2024-08-30T08:26:41.082Z
2024-08-30 18:26:45 [info] Запрос - GET /api/family/id/1 - 2024-08-30T08:26:45.513Z
2024-08-30 18:26:45 [info] Проверка токена прошла успешно - GET /api/family/id/1
2024-08-30 18:26:45 [info] Запрос на получение семьи по ID 1 - GET /api/family/id/1
2024-08-30 18:26:45 [info] Запрос на получение семьи по ID 1 из сервиса
2024-08-30 18:26:45 [info] Ответ - 304 Not Modified - 2024-08-30T08:26:45.516Z
2024-08-30 18:26:49 [info] Запрос - GET /api/family/id/2 - 2024-08-30T08:26:49.784Z
2024-08-30 18:26:49 [info] Проверка токена прошла успешно - GET /api/family/id/2
2024-08-30 18:26:49 [info] Запрос на получение семьи по ID 2 - GET /api/family/id/2
2024-08-30 18:26:49 [info] Запрос на получение семьи по ID 2 из сервиса
2024-08-30 18:26:49 [info] Ответ - 404 Not Found - 2024-08-30T08:26:49.787Z
2024-08-30 18:26:58 [info] Запрос - GET /api/family/id/1 - 2024-08-30T08:26:58.172Z
2024-08-30 18:26:58 [info] Проверка токена прошла успешно - GET /api/family/id/1
2024-08-30 18:26:58 [info] Запрос на получение семьи по ID 1 - GET /api/family/id/1
2024-08-30 18:26:58 [info] Запрос на получение семьи по ID 1 из сервиса
2024-08-30 18:26:58 [info] Ответ - 304 Not Modified - 2024-08-30T08:26:58.175Z
2024-08-30 18:27:07 [info] Запрос - GET /api/family/id/1 - 2024-08-30T08:27:07.603Z
2024-08-30 18:27:07 [info] Проверка токена прошла успешно - GET /api/family/id/1
2024-08-30 18:27:07 [info] Запрос на получение семьи по ID 1 - GET /api/family/id/1
2024-08-30 18:27:07 [info] Запрос на получение семьи по ID 1 из сервиса
2024-08-30 18:27:07 [info] Ответ - 304 Not Modified - 2024-08-30T08:27:07.607Z
2024-08-30 18:28:44 [info] Запрос - POST /api/guests/ - 2024-08-30T08:28:44.198Z
2024-08-30 18:28:44 [info] Проверка токена прошла успешно - POST /api/guests/
2024-08-30 18:28:44 [info] Запрос на добавление гостя - POST /api/guests/
2024-08-30 18:28:44 [info] Запрос на получение гостя по имени ASDFASDF из сервиса
2024-08-30 18:28:44 [info] Запрос на добавление нового гостя из сервиса
2024-08-30 18:28:44 [info] Ответ - 201 Created - 2024-08-30T08:28:44.210Z
2024-08-30 18:29:08 [info] Запрос - GET /api/family/id/1 - 2024-08-30T08:29:08.791Z
2024-08-30 18:29:08 [info] Проверка токена прошла успешно - GET /api/family/id/1
2024-08-30 18:29:08 [info] Запрос на получение семьи по ID 1 - GET /api/family/id/1
2024-08-30 18:29:08 [info] Запрос на получение семьи по ID 1 из сервиса
2024-08-30 18:29:08 [info] Ответ - 304 Not Modified - 2024-08-30T08:29:08.797Z
2024-08-30 18:29:18 [info] Запрос - GET /api/family/id/1 - 2024-08-30T08:29:18.209Z
2024-08-30 18:29:18 [info] Проверка токена прошла успешно - GET /api/family/id/1
2024-08-30 18:29:18 [info] Запрос на получение семьи по ID 1 - GET /api/family/id/1
2024-08-30 18:29:18 [info] Запрос на получение семьи по ID 1 из сервиса
2024-08-30 18:29:18 [info] Ответ - 304 Not Modified - 2024-08-30T08:29:18.212Z
2024-08-30 18:29:47 [info] Запрос - POST /api/guests/ - 2024-08-30T08:29:47.697Z
2024-08-30 18:29:47 [info] Проверка токена прошла успешно - POST /api/guests/
2024-08-30 18:29:47 [info] Запрос на добавление гостя - POST /api/guests/
2024-08-30 18:29:47 [info] Запрос на получение гостя по имени asdgxcveqwer из сервиса
2024-08-30 18:29:47 [info] Запрос на добавление нового гостя из сервиса
2024-08-30 18:29:47 [info] Ответ - 201 Created - 2024-08-30T08:29:47.704Z
2024-08-30 18:30:59 [info] Запрос - POST /api/guests/ - 2024-08-30T08:30:59.640Z
2024-08-30 18:30:59 [info] Проверка токена прошла успешно - POST /api/guests/
2024-08-30 18:30:59 [info] Запрос на добавление гостя - POST /api/guests/
2024-08-30 18:30:59 [info] Запрос на получение гостя по имени asdfsadf из сервиса
2024-08-30 18:30:59 [info] Запрос на добавление нового гостя из сервиса
2024-08-30 18:30:59 [info] Ответ - 201 Created - 2024-08-30T08:30:59.647Z
2024-08-30 18:31:28 [info] Запрос - GET /api/family/id/1 - 2024-08-30T08:31:28.162Z
2024-08-30 18:31:28 [info] Проверка токена прошла успешно - GET /api/family/id/1
2024-08-30 18:31:28 [info] Запрос на получение семьи по ID 1 - GET /api/family/id/1
2024-08-30 18:31:28 [info] Запрос на получение семьи по ID 1 из сервиса
2024-08-30 18:31:28 [info] Ответ - 304 Not Modified - 2024-08-30T08:31:28.168Z
2024-08-30 18:31:34 [info] Запрос - POST /api/guests/ - 2024-08-30T08:31:34.675Z
2024-08-30 18:31:34 [info] Проверка токена прошла успешно - POST /api/guests/
2024-08-30 18:31:34 [info] Запрос на добавление гостя - POST /api/guests/
2024-08-30 18:31:34 [info] Запрос на получение гостя по имени addgxcvsedfhvcx из сервиса
2024-08-30 18:31:34 [info] Запрос на добавление нового гостя из сервиса
2024-08-30 18:31:34 [info] Ответ - 201 Created - 2024-08-30T08:31:34.681Z
2024-08-30 18:32:03 [info] Запрос - GET /api/family/id/1 - 2024-08-30T08:32:03.560Z
2024-08-30 18:32:03 [info] Проверка токена прошла успешно - GET /api/family/id/1
2024-08-30 18:32:03 [info] Запрос на получение семьи по ID 1 - GET /api/family/id/1
2024-08-30 18:32:03 [info] Запрос на получение семьи по ID 1 из сервиса
2024-08-30 18:32:03 [info] Ответ - 304 Not Modified - 2024-08-30T08:32:03.564Z
2024-08-30 18:33:38 [info] Запрос - GET /api/family/id/1 - 2024-08-30T08:33:38.526Z
2024-08-30 18:33:38 [info] Проверка токена прошла успешно - GET /api/family/id/1
2024-08-30 18:33:38 [info] Запрос на получение семьи по ID 1 - GET /api/family/id/1
2024-08-30 18:33:38 [info] Запрос на получение семьи по ID 1 из сервиса
2024-08-30 18:33:38 [info] Ответ - 304 Not Modified - 2024-08-30T08:33:38.532Z
2024-08-30 18:33:52 [info] Запрос - GET /api/family/id/1 - 2024-08-30T08:33:52.548Z
2024-08-30 18:33:52 [info] Проверка токена прошла успешно - GET /api/family/id/1
2024-08-30 18:33:52 [info] Запрос на получение семьи по ID 1 - GET /api/family/id/1
2024-08-30 18:33:52 [info] Запрос на получение семьи по ID 1 из сервиса
2024-08-30 18:33:52 [info] Ответ - 304 Not Modified - 2024-08-30T08:33:52.553Z
2024-08-30 18:34:31 [info] Запрос - GET /api/family/id/1 - 2024-08-30T08:34:31.111Z
2024-08-30 18:34:31 [info] Проверка токена прошла успешно - GET /api/family/id/1
2024-08-30 18:34:31 [info] Запрос на получение семьи по ID 1 - GET /api/family/id/1
2024-08-30 18:34:31 [info] Запрос на получение семьи по ID 1 из сервиса
2024-08-30 18:34:31 [info] Ответ - 304 Not Modified - 2024-08-30T08:34:31.116Z
2024-08-30 18:35:53 [info] Запрос - GET /api/family/id/1 - 2024-08-30T08:35:53.272Z
2024-08-30 18:35:53 [info] Проверка токена прошла успешно - GET /api/family/id/1
2024-08-30 18:35:53 [info] Запрос на получение семьи по ID 1 - GET /api/family/id/1
2024-08-30 18:35:53 [info] Запрос на получение семьи по ID 1 из сервиса
2024-08-30 18:35:53 [info] Ответ - 304 Not Modified - 2024-08-30T08:35:53.276Z
2024-08-30 18:36:03 [info] Запрос - POST /api/guests/ - 2024-08-30T08:36:03.810Z
2024-08-30 18:36:03 [info] Проверка токена прошла успешно - POST /api/guests/
2024-08-30 18:36:03 [info] Запрос на добавление гостя - POST /api/guests/
2024-08-30 18:36:03 [info] Запрос на получение гостя по имени dfsxcvbcvnbnrwtert из сервиса
2024-08-30 18:36:03 [info] Запрос на добавление нового гостя из сервиса
2024-08-30 18:36:03 [info] Ответ - 201 Created - 2024-08-30T08:36:03.818Z
2024-08-30 18:36:13 [info] Запрос - DELETE /api/guests/id_guest/1 - 2024-08-30T08:36:13.112Z
2024-08-30 18:36:13 [info] Проверка токена прошла успешно - DELETE /api/guests/id_guest/1
2024-08-30 18:36:13 [info] Запрос на удаление гостя по ID гостя 1 - DELETE /api/guests/id_guest/1
2024-08-30 18:36:13 [info] Запрос на удаление гостя по ID гостя 1 из сервиса
2024-08-30 18:36:13 [info] Ответ - 200 OK - 2024-08-30T08:36:13.116Z
